Release 14.7 - xst P.20131013 (nt64)
Copyright (c) 1995-2013 Xilinx, Inc.  All rights reserved.
--> Parameter TMPDIR set to xst/projnav.tmp


Total REAL time to Xst completion: 1.00 secs
Total CPU time to Xst completion: 0.14 secs
 
--> Parameter xsthdpdir set to xst


Total REAL time to Xst completion: 1.00 secs
Total CPU time to Xst completion: 0.14 secs
 
--> Reading design: connect4_top.prj

TABLE OF CONTENTS
  1) Synthesis Options Summary
  2) HDL Parsing
  3) HDL Elaboration
  4) HDL Synthesis
       4.1) HDL Synthesis Report
  5) Advanced HDL Synthesis
       5.1) Advanced HDL Synthesis Report
  6) Low Level Synthesis
  7) Partition Report
  8) Design Summary
       8.1) Primitive and Black Box Usage
       8.2) Device utilization summary
       8.3) Partition Resource Summary
       8.4) Timing Report
            8.4.1) Clock Information
            8.4.2) Asynchronous Control Signals Information
            8.4.3) Timing Summary
            8.4.4) Timing Details
            8.4.5) Cross Clock Domains Report


=========================================================================
*                      Synthesis Options Summary                        *
=========================================================================
---- Source Parameters
Input File Name                    : "connect4_top.prj"
Ignore Synthesis Constraint File   : NO

---- Target Parameters
Output File Name                   : "connect4_top"
Output Format                      : NGC
Target Device                      : xc6slx9-3-csg324

---- Source Options
Top Module Name                    : connect4_top
Automatic FSM Extraction           : YES
FSM Encoding Algorithm             : Auto
Safe Implementation                : No
FSM Style                          : LUT
RAM Extraction                     : Yes
RAM Style                          : Auto
ROM Extraction                     : Yes
Shift Register Extraction          : YES
ROM Style                          : Auto
Resource Sharing                   : YES
Asynchronous To Synchronous        : NO
Shift Register Minimum Size        : 2
Use DSP Block                      : Auto
Automatic Register Balancing       : No

---- Target Options
LUT Combining                      : Auto
Reduce Control Sets                : Auto
Add IO Buffers                     : YES
Global Maximum Fanout              : 100000
Add Generic Clock Buffer(BUFG)     : 16
Register Duplication               : YES
Optimize Instantiated Primitives   : NO
Use Clock Enable                   : Auto
Use Synchronous Set                : Auto
Use Synchronous Reset              : Auto
Pack IO Registers into IOBs        : Auto
Equivalent register Removal        : YES

---- General Options
Optimization Goal                  : Speed
Optimization Effort                : 1
Power Reduction                    : NO
Keep Hierarchy                     : No
Netlist Hierarchy                  : As_Optimized
RTL Output                         : Yes
Global Optimization                : AllClockNets
Read Cores                         : YES
Write Timing Constraints           : NO
Cross Clock Analysis               : NO
Hierarchy Separator                : /
Bus Delimiter                      : <>
Case Specifier                     : Maintain
Slice Utilization Ratio            : 100
BRAM Utilization Ratio             : 100
DSP48 Utilization Ratio            : 100
Auto BRAM Packing                  : NO
Slice Utilization Ratio Delta      : 5

=========================================================================


=========================================================================
*                          HDL Parsing                                  *
=========================================================================
Analyzing Verilog file "C:\Users\cmcsc\Desktop\Segundo Semestre Virtual\Switching 2\Project\repo\INEL5206-Connect4\Connect4\FSM.v" into library work
Parsing module <FSM>.
Analyzing Verilog file "C:\Users\cmcsc\Desktop\Segundo Semestre Virtual\Switching 2\Project\repo\INEL5206-Connect4\Connect4\connect4_top.v" into library work
Parsing verilog file "ColumnSelector.v" included at line 2.
Parsing module <ColumnSelector>.
Parsing verilog file "ColumnCalculator.v" included at line 3.
Parsing module <ColumnCalculator>.
Parsing verilog file "ButtonPressDetector.v" included at line 4.
Parsing module <ButtonPressDetector>.
Parsing module <connect4_top>.

=========================================================================
*                            HDL Elaboration                            *
=========================================================================

Elaborating module <connect4_top>.

Elaborating module <ButtonPressDetector>.
WARNING:HDLCompiler:413 - "ButtonPressDetector.v" Line 32: Result of 27-bit expression is truncated to fit in 26-bit target.

Elaborating module <ColumnCalculator>.
WARNING:HDLCompiler:413 - "ColumnCalculator.v" Line 40: Result of 5-bit expression is truncated to fit in 4-bit target.
WARNING:HDLCompiler:413 - "ColumnCalculator.v" Line 48: Result of 6-bit expression is truncated to fit in 4-bit target.
WARNING:HDLCompiler:413 - "ColumnCalculator.v" Line 55: Result of 6-bit expression is truncated to fit in 4-bit target.
WARNING:HDLCompiler:413 - "ColumnCalculator.v" Line 63: Result of 6-bit expression is truncated to fit in 4-bit target.

Elaborating module <ColumnSelector>.
WARNING:HDLCompiler:1127 - "C:\Users\cmcsc\Desktop\Segundo Semestre Virtual\Switching 2\Project\repo\INEL5206-Connect4\Connect4\connect4_top.v" Line 124: Assignment to player_cells ignored, since the identifier is never used

Elaborating module <FSM>.
WARNING:HDLCompiler:189 - "C:\Users\cmcsc\Desktop\Segundo Semestre Virtual\Switching 2\Project\repo\INEL5206-Connect4\Connect4\connect4_top.v" Line 130: Size mismatch in connection of port <in_game_status>. Formal port size is 2-bit while actual signal size is 1-bit.
WARNING:HDLCompiler:189 - "C:\Users\cmcsc\Desktop\Segundo Semestre Virtual\Switching 2\Project\repo\INEL5206-Connect4\Connect4\connect4_top.v" Line 132: Size mismatch in connection of port <out_game_status>. Formal port size is 2-bit while actual signal size is 1-bit.
WARNING:HDLCompiler:1127 - "C:\Users\cmcsc\Desktop\Segundo Semestre Virtual\Switching 2\Project\repo\INEL5206-Connect4\Connect4\connect4_top.v" Line 132: Assignment to out_game_status ignored, since the identifier is never used
WARNING:HDLCompiler:634 - "C:\Users\cmcsc\Desktop\Segundo Semestre Virtual\Switching 2\Project\repo\INEL5206-Connect4\Connect4\connect4_top.v" Line 130: Net <in_game_status> does not have a driver.

=========================================================================
*                           HDL Synthesis                               *
=========================================================================

Synthesizing Unit <connect4_top>.
    Related source file is "C:\Users\cmcsc\Desktop\Segundo Semestre Virtual\Switching 2\Project\repo\INEL5206-Connect4\Connect4\connect4_top.v".
        column = 3'b001
        statep = 2'b01
INFO:Xst:3210 - "C:\Users\cmcsc\Desktop\Segundo Semestre Virtual\Switching 2\Project\repo\INEL5206-Connect4\Connect4\connect4_top.v" line 124: Output port <out_players_cells> of the instance <columnSelector> is unconnected or connected to loadless signal.
INFO:Xst:3210 - "C:\Users\cmcsc\Desktop\Segundo Semestre Virtual\Switching 2\Project\repo\INEL5206-Connect4\Connect4\connect4_top.v" line 126: Output port <out_game_status> of the instance <fsm> is unconnected or connected to loadless signal.
WARNING:Xst:653 - Signal <in_game_status> is used but never assigned. This sourceless signal will be automatically connected to value GND.
    Summary:
	no macro.
Unit <connect4_top> synthesized.

Synthesizing Unit <ButtonPressDetector>.
    Related source file is "C:\Users\cmcsc\Desktop\Segundo Semestre Virtual\Switching 2\Project\repo\INEL5206-Connect4\Connect4/ButtonPressDetector.v".
    Found 1-bit register for signal <clk_out>.
    Found 26-bit register for signal <count>.
    Found 26-bit adder for signal <count[25]_GND_2_o_add_2_OUT> created at line 32.
    Summary:
	inferred   1 Adder/Subtractor(s).
	inferred  27 D-type flip-flop(s).
Unit <ButtonPressDetector> synthesized.

Synthesizing Unit <ColumnCalculator>.
    Related source file is "C:\Users\cmcsc\Desktop\Segundo Semestre Virtual\Switching 2\Project\repo\INEL5206-Connect4\Connect4/ColumnCalculator.v".
WARNING:Xst:647 - Input <clk> is never used. This port will be preserved and left unconnected if it belongs to a top-level block or it belongs to a sub-block and the hierarchy of this sub-block is preserved.
    Found 3-bit register for signal <counter_0>.
    Found 3-bit register for signal <counter_1>.
    Found 3-bit register for signal <counter_2>.
    Found 3-bit register for signal <counter_3>.
    Found 4-bit register for signal <column_position>.
    Found 3-bit adder for signal <counter_0[2]_GND_3_o_add_2_OUT> created at line 41.
    Found 5-bit adder for signal <n0050> created at line 48.
    Found 3-bit adder for signal <counter_1[2]_GND_3_o_add_7_OUT> created at line 49.
    Found 5-bit adder for signal <n0054> created at line 55.
    Found 3-bit adder for signal <counter_2[2]_GND_3_o_add_12_OUT> created at line 56.
    Found 5-bit adder for signal <n0058> created at line 63.
    Found 3-bit adder for signal <counter_3[2]_GND_3_o_add_17_OUT> created at line 64.
    Summary:
	inferred   7 Adder/Subtractor(s).
	inferred  16 D-type flip-flop(s).
	inferred   4 Multiplexer(s).
Unit <ColumnCalculator> synthesized.

Synthesizing Unit <ColumnSelector>.
    Related source file is "C:\Users\cmcsc\Desktop\Segundo Semestre Virtual\Switching 2\Project\repo\INEL5206-Connect4\Connect4/ColumnSelector.v".
        GAME_INIT = 2'b00
        P1_TURN = 2'b01
        P2_TURN = 2'b10
        END_GAME = 2'b11
        CELLS_NUMBER = 16
WARNING:Xst:647 - Input <throw_again> is never used. This port will be preserved and left unconnected if it belongs to a top-level block or it belongs to a sub-block and the hierarchy of this sub-block is preserved.
    Found 16-bit register for signal <out_players_cells>.
    Found 1-bit register for signal <next_player>.
    Found 16-bit register for signal <out_gameboard>.
    Found 16-bit 4-to-1 multiplexer for signal <state[1]_GND_4_o_wide_mux_76_OUT> created at line 26.
    Found 1-bit 4-to-1 multiplexer for signal <state[1]_GND_4_o_Mux_77_o> created at line 26.
    Summary:
	inferred  33 D-type flip-flop(s).
	inferred  58 Multiplexer(s).
Unit <ColumnSelector> synthesized.

Synthesizing Unit <FSM>.
    Related source file is "C:\Users\cmcsc\Desktop\Segundo Semestre Virtual\Switching 2\Project\repo\INEL5206-Connect4\Connect4\FSM.v".
        GAME_INIT = 2'b00
        P1_TURN = 2'b01
        P2_TURN = 2'b10
        END_GAME = 2'b11
        NEXT_TURN = 2'b00
        PLAYER_WIN = 2'b01
        TIE_GAME = 2'b10
        STILL_PLAYING = 2'b00
        P1_WINS = 2'b01
        P2_WINS = 2'b10
        TIE = 2'b11
    Found 2-bit register for signal <current_state>.
    Found 2-bit register for signal <next_state>.
    Found 2-bit register for signal <out_game_status>.
    Found 2-bit 4-to-1 multiplexer for signal <current_state[1]_PWR_6_o_mux_23_OUT> created at line 40.
    Summary:
	inferred   6 D-type flip-flop(s).
	inferred   3 Multiplexer(s).
Unit <FSM> synthesized.

=========================================================================
HDL Synthesis Report

Macro Statistics
# Adders/Subtractors                                   : 8
 26-bit adder                                          : 1
 3-bit adder                                           : 4
 5-bit adder                                           : 3
# Registers                                            : 13
 1-bit register                                        : 2
 16-bit register                                       : 2
 2-bit register                                        : 3
 26-bit register                                       : 1
 3-bit register                                        : 4
 4-bit register                                        : 1
# Multiplexers                                         : 65
 1-bit 2-to-1 multiplexer                              : 2
 1-bit 4-to-1 multiplexer                              : 1
 16-bit 2-to-1 multiplexer                             : 6
 16-bit 4-to-1 multiplexer                             : 1
 2-bit 2-to-1 multiplexer                              : 2
 2-bit 4-to-1 multiplexer                              : 1
 32-bit 2-to-1 multiplexer                             : 48
 4-bit 2-to-1 multiplexer                              : 4

=========================================================================

=========================================================================
*                       Advanced HDL Synthesis                          *
=========================================================================


Synthesizing (advanced) Unit <ButtonPressDetector>.
The following registers are absorbed into counter <count>: 1 register on signal <count>.
Unit <ButtonPressDetector> synthesized (advanced).

Synthesizing (advanced) Unit <ColumnCalculator>.
The following registers are absorbed into counter <counter_0>: 1 register on signal <counter_0>.
The following registers are absorbed into counter <counter_1>: 1 register on signal <counter_1>.
The following registers are absorbed into counter <counter_2>: 1 register on signal <counter_2>.
The following registers are absorbed into counter <counter_3>: 1 register on signal <counter_3>.
Unit <ColumnCalculator> synthesized (advanced).

=========================================================================
Advanced HDL Synthesis Report

Macro Statistics
# Adders/Subtractors                                   : 3
 4-bit adder                                           : 3
# Counters                                             : 5
 26-bit up counter                                     : 1
 3-bit up counter                                      : 4
# Registers                                            : 44
 Flip-Flops                                            : 44
# Multiplexers                                         : 65
 1-bit 2-to-1 multiplexer                              : 2
 1-bit 4-to-1 multiplexer                              : 1
 16-bit 2-to-1 multiplexer                             : 6
 16-bit 4-to-1 multiplexer                             : 1
 2-bit 2-to-1 multiplexer                              : 2
 2-bit 4-to-1 multiplexer                              : 1
 32-bit 2-to-1 multiplexer                             : 48
 4-bit 2-to-1 multiplexer                              : 4

=========================================================================

=========================================================================
*                         Low Level Synthesis                           *
=========================================================================
WARNING:Xst:1710 - FF/Latch <out_game_status_0> (without init value) has a constant value of 0 in block <FSM>. This FF/Latch will be trimmed during the optimization process.
WARNING:Xst:1895 - Due to other FF/Latch trimming, FF/Latch <out_game_status_1> (without init value) has a constant value of 0 in block <FSM>. This FF/Latch will be trimmed during the optimization process.

Optimizing unit <connect4_top> ...

Optimizing unit <ColumnCalculator> ...
WARNING:Xst:1710 - FF/Latch <column_position_2> (without init value) has a constant value of 0 in block <ColumnCalculator>. This FF/Latch will be trimmed during the optimization process.
WARNING:Xst:1895 - Due to other FF/Latch trimming, FF/Latch <column_position_3> (without init value) has a constant value of 0 in block <ColumnCalculator>. This FF/Latch will be trimmed during the optimization process.

Optimizing unit <ColumnSelector> ...

Optimizing unit <FSM> ...
WARNING:Xst:1710 - FF/Latch <columnSelector/out_gameboard_15> (without init value) has a constant value of 0 in block <connect4_top>. This FF/Latch will be trimmed during the optimization process.
WARNING:Xst:1895 - Due to other FF/Latch trimming, FF/Latch <columnSelector/out_gameboard_14> (without init value) has a constant value of 0 in block <connect4_top>. This FF/Latch will be trimmed during the optimization process.
WARNING:Xst:1895 - Due to other FF/Latch trimming, FF/Latch <columnSelector/out_gameboard_13> (without init value) has a constant value of 0 in block <connect4_top>. This FF/Latch will be trimmed during the optimization process.
WARNING:Xst:1895 - Due to other FF/Latch trimming, FF/Latch <columnSelector/out_gameboard_12> (without init value) has a constant value of 0 in block <connect4_top>. This FF/Latch will be trimmed during the optimization process.
WARNING:Xst:1895 - Due to other FF/Latch trimming, FF/Latch <columnSelector/out_gameboard_11> (without init value) has a constant value of 0 in block <connect4_top>. This FF/Latch will be trimmed during the optimization process.
WARNING:Xst:1895 - Due to other FF/Latch trimming, FF/Latch <columnSelector/out_gameboard_10> (without init value) has a constant value of 0 in block <connect4_top>. This FF/Latch will be trimmed during the optimization process.
WARNING:Xst:1895 - Due to other FF/Latch trimming, FF/Latch <columnSelector/out_gameboard_9> (without init value) has a constant value of 0 in block <connect4_top>. This FF/Latch will be trimmed during the optimization process.
WARNING:Xst:1895 - Due to other FF/Latch trimming, FF/Latch <columnSelector/out_gameboard_8> (without init value) has a constant value of 0 in block <connect4_top>. This FF/Latch will be trimmed during the optimization process.
WARNING:Xst:1895 - Due to other FF/Latch trimming, FF/Latch <columnSelector/out_gameboard_7> (without init value) has a constant value of 0 in block <connect4_top>. This FF/Latch will be trimmed during the optimization process.
WARNING:Xst:1895 - Due to other FF/Latch trimming, FF/Latch <columnSelector/out_gameboard_6> (without init value) has a constant value of 0 in block <connect4_top>. This FF/Latch will be trimmed during the optimization process.
WARNING:Xst:1895 - Due to other FF/Latch trimming, FF/Latch <columnSelector/out_gameboard_5> (without init value) has a constant value of 0 in block <connect4_top>. This FF/Latch will be trimmed during the optimization process.
WARNING:Xst:1895 - Due to other FF/Latch trimming, FF/Latch <columnSelector/out_gameboard_4> (without init value) has a constant value of 0 in block <connect4_top>. This FF/Latch will be trimmed during the optimization process.
WARNING:Xst:2677 - Node <columnSelector/out_players_cells_15> of sequential type is unconnected in block <connect4_top>.
WARNING:Xst:2677 - Node <columnSelector/out_players_cells_14> of sequential type is unconnected in block <connect4_top>.
WARNING:Xst:2677 - Node <columnSelector/out_players_cells_13> of sequential type is unconnected in block <connect4_top>.
WARNING:Xst:2677 - Node <columnSelector/out_players_cells_12> of sequential type is unconnected in block <connect4_top>.
WARNING:Xst:2677 - Node <columnSelector/out_players_cells_11> of sequential type is unconnected in block <connect4_top>.
WARNING:Xst:2677 - Node <columnSelector/out_players_cells_10> of sequential type is unconnected in block <connect4_top>.
WARNING:Xst:2677 - Node <columnSelector/out_players_cells_9> of sequential type is unconnected in block <connect4_top>.
WARNING:Xst:2677 - Node <columnSelector/out_players_cells_8> of sequential type is unconnected in block <connect4_top>.
WARNING:Xst:2677 - Node <columnSelector/out_players_cells_7> of sequential type is unconnected in block <connect4_top>.
WARNING:Xst:2677 - Node <columnSelector/out_players_cells_6> of sequential type is unconnected in block <connect4_top>.
WARNING:Xst:2677 - Node <columnSelector/out_players_cells_5> of sequential type is unconnected in block <connect4_top>.
WARNING:Xst:2677 - Node <columnSelector/out_players_cells_4> of sequential type is unconnected in block <connect4_top>.
WARNING:Xst:2677 - Node <columnSelector/out_players_cells_3> of sequential type is unconnected in block <connect4_top>.
WARNING:Xst:2677 - Node <columnSelector/out_players_cells_2> of sequential type is unconnected in block <connect4_top>.
WARNING:Xst:2677 - Node <columnSelector/out_players_cells_1> of sequential type is unconnected in block <connect4_top>.
WARNING:Xst:2677 - Node <columnSelector/out_players_cells_0> of sequential type is unconnected in block <connect4_top>.
WARNING:Xst:1710 - FF/Latch <columnCounter/column_position_0> (without init value) has a constant value of 0 in block <connect4_top>. This FF/Latch will be trimmed during the optimization process.
WARNING:Xst:1710 - FF/Latch <columnCounter/column_position_1> (without init value) has a constant value of 0 in block <connect4_top>. This FF/Latch will be trimmed during the optimization process.
WARNING:Xst:1293 - FF/Latch <columnCounter/counter_1_0> has a constant value of 0 in block <connect4_top>. This FF/Latch will be trimmed during the optimization process.
WARNING:Xst:1293 - FF/Latch <columnCounter/counter_1_1> has a constant value of 0 in block <connect4_top>. This FF/Latch will be trimmed during the optimization process.
WARNING:Xst:1293 - FF/Latch <columnCounter/counter_1_2> has a constant value of 0 in block <connect4_top>. This FF/Latch will be trimmed during the optimization process.
WARNING:Xst:1293 - FF/Latch <columnCounter/counter_0_0> has a constant value of 0 in block <connect4_top>. This FF/Latch will be trimmed during the optimization process.
WARNING:Xst:1293 - FF/Latch <columnCounter/counter_0_1> has a constant value of 0 in block <connect4_top>. This FF/Latch will be trimmed during the optimization process.
WARNING:Xst:1293 - FF/Latch <columnCounter/counter_0_2> has a constant value of 0 in block <connect4_top>. This FF/Latch will be trimmed during the optimization process.
WARNING:Xst:1293 - FF/Latch <columnCounter/counter_2_0> has a constant value of 0 in block <connect4_top>. This FF/Latch will be trimmed during the optimization process.
WARNING:Xst:1293 - FF/Latch <columnCounter/counter_2_1> has a constant value of 0 in block <connect4_top>. This FF/Latch will be trimmed during the optimization process.
WARNING:Xst:1293 - FF/Latch <columnCounter/counter_2_2> has a constant value of 0 in block <connect4_top>. This FF/Latch will be trimmed during the optimization process.
WARNING:Xst:1293 - FF/Latch <columnCounter/counter_3_0> has a constant value of 0 in block <connect4_top>. This FF/Latch will be trimmed during the optimization process.
WARNING:Xst:1293 - FF/Latch <columnCounter/counter_3_1> has a constant value of 0 in block <connect4_top>. This FF/Latch will be trimmed during the optimization process.
WARNING:Xst:1293 - FF/Latch <columnCounter/counter_3_2> has a constant value of 0 in block <connect4_top>. This FF/Latch will be trimmed during the optimization process.
WARNING:Xst:1895 - Due to other FF/Latch trimming, FF/Latch <columnSelector/out_gameboard_3> (without init value) has a constant value of 0 in block <connect4_top>. This FF/Latch will be trimmed during the optimization process.
WARNING:Xst:1895 - Due to other FF/Latch trimming, FF/Latch <columnSelector/out_gameboard_2> (without init value) has a constant value of 0 in block <connect4_top>. This FF/Latch will be trimmed during the optimization process.
WARNING:Xst:1895 - Due to other FF/Latch trimming, FF/Latch <columnSelector/out_gameboard_1> (without init value) has a constant value of 0 in block <connect4_top>. This FF/Latch will be trimmed during the optimization process.

Mapping all equations...
Building and optimizing final netlist ...
Found area constraint ratio of 100 (+ 5) on block connect4_top, actual ratio is 0.

Final Macro Processing ...

=========================================================================
Final Register Report

Macro Statistics
# Registers                                            : 33
 Flip-Flops                                            : 33

=========================================================================

=========================================================================
*                           Partition Report                            *
=========================================================================

Partition Implementation Status
-------------------------------

  No Partitions were found in this design.

-------------------------------

=========================================================================
*                            Design Summary                             *
=========================================================================

Top Level Output File Name         : connect4_top.ngc

Primitive and Black Box Usage:
------------------------------
# BELS                             : 119
#      GND                         : 1
#      INV                         : 1
#      LUT1                        : 25
#      LUT2                        : 28
#      LUT3                        : 2
#      LUT4                        : 3
#      LUT6                        : 7
#      MUXCY                       : 25
#      VCC                         : 1
#      XORCY                       : 26
# FlipFlops/Latches                : 33
#      FD                          : 29
#      FD_1                        : 2
#      FDC                         : 2
# Clock Buffers                    : 1
#      BUFGP                       : 1
# IO Buffers                       : 26
#      IBUF                        : 2
#      OBUF                        : 24

Device utilization summary:
---------------------------

Selected Device : 6slx9csg324-3 


Slice Logic Utilization: 
 Number of Slice Registers:              33  out of  11440     0%  
 Number of Slice LUTs:                   66  out of   5720     1%  
    Number used as Logic:                66  out of   5720     1%  

Slice Logic Distribution: 
 Number of LUT Flip Flop pairs used:     68
   Number with an unused Flip Flop:      35  out of     68    51%  
   Number with an unused LUT:             2  out of     68     2%  
   Number of fully used LUT-FF pairs:    31  out of     68    45%  
   Number of unique control sets:         2

IO Utilization: 
 Number of IOs:                          31
 Number of bonded IOBs:                  27  out of    200    13%  

Specific Feature Utilization:
 Number of BUFG/BUFGCTRLs:                1  out of     16     6%  

---------------------------
Partition Resource Summary:
---------------------------

  No Partitions were found in this design.

---------------------------


=========================================================================
Timing Report

NOTE: THESE TIMING NUMBERS ARE ONLY A SYNTHESIS ESTIMATE.
      FOR ACCURATE TIMING INFORMATION PLEASE REFER TO THE TRACE REPORT
      GENERATED AFTER PLACE-and-ROUTE.

Clock Information:
------------------
-----------------------------------+------------------------+-------+
Clock Signal                       | Clock buffer(FF name)  | Load  |
-----------------------------------+------------------------+-------+
clk                                | BUFGP                  | 33    |
-----------------------------------+------------------------+-------+

Asynchronous Control Signals Information:
----------------------------------------
No asynchronous control signals found in this design

Timing Summary:
---------------
Speed Grade: -3

   Minimum period: 3.998ns (Maximum Frequency: 250.150MHz)
   Minimum input arrival time before clock: 3.738ns
   Maximum output required time after clock: 3.668ns
   Maximum combinational path delay: No path found

Timing Details:
---------------
All values displayed in nanoseconds (ns)

=========================================================================
Timing constraint: Default period analysis for Clock 'clk'
  Clock period: 3.998ns (frequency: 250.150MHz)
  Total number of paths / destination ports: 1071 / 33
-------------------------------------------------------------------------
Delay:               3.998ns (Levels of Logic = 3)
  Source:            BPD/count_20 (FF)
  Destination:       BPD/count_0 (FF)
  Source Clock:      clk rising
  Destination Clock: clk rising

  Data Path: BPD/count_20 to BPD/count_0
                                Gate     Net
    Cell:in->out      fanout   Delay   Delay  Logical Name (Net Name)
    ----------------------------------------  ------------
     FD:C->Q               2   0.447   0.981  BPD/count_20 (BPD/count_20)
     LUT6:I0->O            3   0.203   0.898  BPD/GND_2_o_GND_2_o_equal_4_o<25>1 (BPD/GND_2_o_GND_2_o_equal_4_o<25>)
     LUT6:I2->O           14   0.203   0.958  BPD/Mcount_count_val261 (BPD/Mcount_count_val)
     LUT2:I1->O            1   0.205   0.000  BPD/count_0_rstpot (BPD/count_0_rstpot)
     FD:D                      0.102          BPD/count_0
    ----------------------------------------
    Total                      3.998ns (1.160ns logic, 2.838ns route)
                                       (29.0% logic, 71.0% route)

=========================================================================
Timing constraint: Default OFFSET IN BEFORE for Clock 'clk'
  Total number of paths / destination ports: 30 / 29
-------------------------------------------------------------------------
Offset:              3.738ns (Levels of Logic = 3)
  Source:            BTN_EAST (PAD)
  Destination:       BPD/count_0 (FF)
  Destination Clock: clk rising

  Data Path: BTN_EAST to BPD/count_0
                                Gate     Net
    Cell:in->out      fanout   Delay   Delay  Logical Name (Net Name)
    ----------------------------------------  ------------
     IBUF:I->O             4   1.222   1.048  BTN_EAST_IBUF (BTN_EAST_IBUF)
     LUT6:I0->O           14   0.203   0.958  BPD/Mcount_count_val261 (BPD/Mcount_count_val)
     LUT2:I1->O            1   0.205   0.000  BPD/count_0_rstpot (BPD/count_0_rstpot)
     FD:D                      0.102          BPD/count_0
    ----------------------------------------
    Total                      3.738ns (1.732ns logic, 2.006ns route)
                                       (46.3% logic, 53.7% route)

=========================================================================
Timing constraint: Default OFFSET OUT AFTER for Clock 'clk'
  Total number of paths / destination ports: 2 / 2
-------------------------------------------------------------------------
Offset:              3.668ns (Levels of Logic = 1)
  Source:            columnSelector/out_gameboard_0 (FF)
  Destination:       gameboard_out<0> (PAD)
  Source Clock:      clk rising

  Data Path: columnSelector/out_gameboard_0 to gameboard_out<0>
                                Gate     Net
    Cell:in->out      fanout   Delay   Delay  Logical Name (Net Name)
    ----------------------------------------  ------------
     FD:C->Q               3   0.447   0.650  columnSelector/out_gameboard_0 (columnSelector/out_gameboard_0)
     OBUF:I->O                 2.571          gameboard_out_0_OBUF (gameboard_out<0>)
    ----------------------------------------
    Total                      3.668ns (3.018ns logic, 0.650ns route)
                                       (82.3% logic, 17.7% route)

=========================================================================

Cross Clock Domains Report:
--------------------------

Clock to Setup on destination clock clk
---------------+---------+---------+---------+---------+
               | Src:Rise| Src:Fall| Src:Rise| Src:Fall|
Source Clock   |Dest:Rise|Dest:Rise|Dest:Fall|Dest:Fall|
---------------+---------+---------+---------+---------+
clk            |    3.998|    1.128|    1.633|         |
---------------+---------+---------+---------+---------+

=========================================================================


Total REAL time to Xst completion: 7.00 secs
Total CPU time to Xst completion: 6.87 secs
 
--> 

Total memory usage is 4502428 kilobytes

Number of errors   :    0 (   0 filtered)
Number of warnings :   62 (   0 filtered)
Number of infos    :    2 (   0 filtered)

