--------------------------------------------------------------------------------
Release 14.7 Trace  (nt64)
Copyright (c) 1995-2013 Xilinx, Inc.  All rights reserved.

C:\Xilinx\14.7\ISE_DS\ISE\bin\nt64\unwrapped\trce.exe -intstyle ise -v 3 -s 4
-n 3 -fastpaths -xml connect4_top.twx connect4_top.ncd -o connect4_top.twr
connect4_top.pcf -ucf Connect4.ucf

Design file:              connect4_top.ncd
Physical constraint file: connect4_top.pcf
Device,package,speed:     xc3s500e,fg320,-4 (PRODUCTION 1.27 2013-10-13)
Report level:             verbose report

Environment Variable      Effect 
--------------------      ------ 
NONE                      No environment variables were set
--------------------------------------------------------------------------------

INFO:Timing:3412 - To improve timing, see the Timing Closure User Guide (UG612).
INFO:Timing:2752 - To get complete path coverage, use the unconstrained paths 
   option. All paths that are not constrained will be reported in the 
   unconstrained paths section(s) of the report.
INFO:Timing:3339 - The clock-to-out numbers in this timing report are based on 
   a 50 Ohm transmission line loading model.  For the details of this model, 
   and for more information on accounting for different loading conditions, 
   please see the device datasheet.
INFO:Timing:3390 - This architecture does not support a default System Jitter 
   value, please add SYSTEM_JITTER constraint to the UCF to modify the Clock 
   Uncertainty calculation.
INFO:Timing:3389 - This architecture does not support 'Discrete Jitter' and 
   'Phase Error' calculations, these terms will be zero in the Clock 
   Uncertainty calculation.  Please make appropriate modification to 
   SYSTEM_JITTER to account for the unsupported Discrete Jitter and Phase 
   Error.

================================================================================
Timing constraint: NET "clk_BUFGP/IBUFG" PERIOD = 20 ns HIGH 50%;
For more information, see Period Analysis in the Timing Closure User Guide (UG612).

 1219 paths analyzed, 98 endpoints analyzed, 0 failing endpoints
 0 timing errors detected. (0 setup errors, 0 hold errors, 0 component switching limit errors)
 Minimum period is   5.811ns.
--------------------------------------------------------------------------------

Paths for end point CD/count_20 (SLICE_X21Y88.SR), 28 paths
--------------------------------------------------------------------------------
Slack (setup path):     14.189ns (requirement - (data path - clock path skew + uncertainty))
  Source:               CD/count_18 (FF)
  Destination:          CD/count_20 (FF)
  Requirement:          20.000ns
  Data Path Delay:      5.811ns (Levels of Logic = 2)
  Clock Path Skew:      0.000ns
  Source Clock:         clk_BUFGP rising at 0.000ns
  Destination Clock:    clk_BUFGP rising at 20.000ns
  Clock Uncertainty:    0.000ns

  Maximum Data Path: CD/count_18 to CD/count_20
    Location             Delay type         Delay(ns)  Physical Resource
                                                       Logical Resource(s)
    -------------------------------------------------  -------------------
    SLICE_X21Y87.XQ      Tcko                  0.591   CD/count<18>
                                                       CD/count_18
    SLICE_X23Y85.F1      net (fanout=2)        1.388   CD/count<18>
    SLICE_X23Y85.COUT    Topcyf                1.162   CD/clk_out_cmp_eq0000_wg_cy<5>
                                                       CD/clk_out_cmp_eq0000_wg_lut<4>
                                                       CD/clk_out_cmp_eq0000_wg_cy<4>
                                                       CD/clk_out_cmp_eq0000_wg_cy<5>
    SLICE_X23Y86.CIN     net (fanout=1)        0.000   CD/clk_out_cmp_eq0000_wg_cy<5>
    SLICE_X23Y86.XB      Tcinxb                0.404   CD/clk_out_cmp_eq0000
                                                       CD/clk_out_cmp_eq0000_wg_cy<6>
    SLICE_X21Y88.SR      net (fanout=15)       1.356   CD/clk_out_cmp_eq0000
    SLICE_X21Y88.CLK     Tsrck                 0.910   CD/count<20>
                                                       CD/count_20
    -------------------------------------------------  ---------------------------
    Total                                      5.811ns (3.067ns logic, 2.744ns route)
                                                       (52.8% logic, 47.2% route)

--------------------------------------------------------------------------------
Slack (setup path):     14.497ns (requirement - (data path - clock path skew + uncertainty))
  Source:               CD/count_20 (FF)
  Destination:          CD/count_20 (FF)
  Requirement:          20.000ns
  Data Path Delay:      5.503ns (Levels of Logic = 3)
  Clock Path Skew:      0.000ns
  Source Clock:         clk_BUFGP rising at 0.000ns
  Destination Clock:    clk_BUFGP rising at 20.000ns
  Clock Uncertainty:    0.000ns

  Maximum Data Path: CD/count_20 to CD/count_20
    Location             Delay type         Delay(ns)  Physical Resource
                                                       Logical Resource(s)
    -------------------------------------------------  -------------------
    SLICE_X21Y88.XQ      Tcko                  0.591   CD/count<20>
                                                       CD/count_20
    SLICE_X23Y84.G1      net (fanout=2)        1.123   CD/count<20>
    SLICE_X23Y84.COUT    Topcyg                1.001   CD/clk_out_cmp_eq0000_wg_cy<3>
                                                       CD/clk_out_cmp_eq0000_wg_lut<3>
                                                       CD/clk_out_cmp_eq0000_wg_cy<3>
    SLICE_X23Y85.CIN     net (fanout=1)        0.000   CD/clk_out_cmp_eq0000_wg_cy<3>
    SLICE_X23Y85.COUT    Tbyp                  0.118   CD/clk_out_cmp_eq0000_wg_cy<5>
                                                       CD/clk_out_cmp_eq0000_wg_cy<4>
                                                       CD/clk_out_cmp_eq0000_wg_cy<5>
    SLICE_X23Y86.CIN     net (fanout=1)        0.000   CD/clk_out_cmp_eq0000_wg_cy<5>
    SLICE_X23Y86.XB      Tcinxb                0.404   CD/clk_out_cmp_eq0000
                                                       CD/clk_out_cmp_eq0000_wg_cy<6>
    SLICE_X21Y88.SR      net (fanout=15)       1.356   CD/clk_out_cmp_eq0000
    SLICE_X21Y88.CLK     Tsrck                 0.910   CD/count<20>
                                                       CD/count_20
    -------------------------------------------------  ---------------------------
    Total                                      5.503ns (3.024ns logic, 2.479ns route)
                                                       (55.0% logic, 45.0% route)

--------------------------------------------------------------------------------
Slack (setup path):     14.506ns (requirement - (data path - clock path skew + uncertainty))
  Source:               CD/count_7 (FF)
  Destination:          CD/count_20 (FF)
  Requirement:          20.000ns
  Data Path Delay:      5.494ns (Levels of Logic = 4)
  Clock Path Skew:      0.000ns
  Source Clock:         clk_BUFGP rising at 0.000ns
  Destination Clock:    clk_BUFGP rising at 20.000ns
  Clock Uncertainty:    0.000ns

  Maximum Data Path: CD/count_7 to CD/count_20
    Location             Delay type         Delay(ns)  Physical Resource
                                                       Logical Resource(s)
    -------------------------------------------------  -------------------
    SLICE_X21Y81.YQ      Tcko                  0.587   CD/count<6>
                                                       CD/count_7
    SLICE_X23Y83.F1      net (fanout=2)        0.839   CD/count<7>
    SLICE_X23Y83.COUT    Topcyf                1.162   CD/clk_out_cmp_eq0000_wg_cy<1>
                                                       CD/clk_out_cmp_eq0000_wg_lut<0>
                                                       CD/clk_out_cmp_eq0000_wg_cy<0>
                                                       CD/clk_out_cmp_eq0000_wg_cy<1>
    SLICE_X23Y84.CIN     net (fanout=1)        0.000   CD/clk_out_cmp_eq0000_wg_cy<1>
    SLICE_X23Y84.COUT    Tbyp                  0.118   CD/clk_out_cmp_eq0000_wg_cy<3>
                                                       CD/clk_out_cmp_eq0000_wg_cy<2>
                                                       CD/clk_out_cmp_eq0000_wg_cy<3>
    SLICE_X23Y85.CIN     net (fanout=1)        0.000   CD/clk_out_cmp_eq0000_wg_cy<3>
    SLICE_X23Y85.COUT    Tbyp                  0.118   CD/clk_out_cmp_eq0000_wg_cy<5>
                                                       CD/clk_out_cmp_eq0000_wg_cy<4>
                                                       CD/clk_out_cmp_eq0000_wg_cy<5>
    SLICE_X23Y86.CIN     net (fanout=1)        0.000   CD/clk_out_cmp_eq0000_wg_cy<5>
    SLICE_X23Y86.XB      Tcinxb                0.404   CD/clk_out_cmp_eq0000
                                                       CD/clk_out_cmp_eq0000_wg_cy<6>
    SLICE_X21Y88.SR      net (fanout=15)       1.356   CD/clk_out_cmp_eq0000
    SLICE_X21Y88.CLK     Tsrck                 0.910   CD/count<20>
                                                       CD/count_20
    -------------------------------------------------  ---------------------------
    Total                                      5.494ns (3.299ns logic, 2.195ns route)
                                                       (60.0% logic, 40.0% route)

--------------------------------------------------------------------------------

Paths for end point CD/count_21 (SLICE_X21Y88.SR), 28 paths
--------------------------------------------------------------------------------
Slack (setup path):     14.189ns (requirement - (data path - clock path skew + uncertainty))
  Source:               CD/count_18 (FF)
  Destination:          CD/count_21 (FF)
  Requirement:          20.000ns
  Data Path Delay:      5.811ns (Levels of Logic = 2)
  Clock Path Skew:      0.000ns
  Source Clock:         clk_BUFGP rising at 0.000ns
  Destination Clock:    clk_BUFGP rising at 20.000ns
  Clock Uncertainty:    0.000ns

  Maximum Data Path: CD/count_18 to CD/count_21
    Location             Delay type         Delay(ns)  Physical Resource
                                                       Logical Resource(s)
    -------------------------------------------------  -------------------
    SLICE_X21Y87.XQ      Tcko                  0.591   CD/count<18>
                                                       CD/count_18
    SLICE_X23Y85.F1      net (fanout=2)        1.388   CD/count<18>
    SLICE_X23Y85.COUT    Topcyf                1.162   CD/clk_out_cmp_eq0000_wg_cy<5>
                                                       CD/clk_out_cmp_eq0000_wg_lut<4>
                                                       CD/clk_out_cmp_eq0000_wg_cy<4>
                                                       CD/clk_out_cmp_eq0000_wg_cy<5>
    SLICE_X23Y86.CIN     net (fanout=1)        0.000   CD/clk_out_cmp_eq0000_wg_cy<5>
    SLICE_X23Y86.XB      Tcinxb                0.404   CD/clk_out_cmp_eq0000
                                                       CD/clk_out_cmp_eq0000_wg_cy<6>
    SLICE_X21Y88.SR      net (fanout=15)       1.356   CD/clk_out_cmp_eq0000
    SLICE_X21Y88.CLK     Tsrck                 0.910   CD/count<20>
                                                       CD/count_21
    -------------------------------------------------  ---------------------------
    Total                                      5.811ns (3.067ns logic, 2.744ns route)
                                                       (52.8% logic, 47.2% route)

--------------------------------------------------------------------------------
Slack (setup path):     14.497ns (requirement - (data path - clock path skew + uncertainty))
  Source:               CD/count_20 (FF)
  Destination:          CD/count_21 (FF)
  Requirement:          20.000ns
  Data Path Delay:      5.503ns (Levels of Logic = 3)
  Clock Path Skew:      0.000ns
  Source Clock:         clk_BUFGP rising at 0.000ns
  Destination Clock:    clk_BUFGP rising at 20.000ns
  Clock Uncertainty:    0.000ns

  Maximum Data Path: CD/count_20 to CD/count_21
    Location             Delay type         Delay(ns)  Physical Resource
                                                       Logical Resource(s)
    -------------------------------------------------  -------------------
    SLICE_X21Y88.XQ      Tcko                  0.591   CD/count<20>
                                                       CD/count_20
    SLICE_X23Y84.G1      net (fanout=2)        1.123   CD/count<20>
    SLICE_X23Y84.COUT    Topcyg                1.001   CD/clk_out_cmp_eq0000_wg_cy<3>
                                                       CD/clk_out_cmp_eq0000_wg_lut<3>
                                                       CD/clk_out_cmp_eq0000_wg_cy<3>
    SLICE_X23Y85.CIN     net (fanout=1)        0.000   CD/clk_out_cmp_eq0000_wg_cy<3>
    SLICE_X23Y85.COUT    Tbyp                  0.118   CD/clk_out_cmp_eq0000_wg_cy<5>
                                                       CD/clk_out_cmp_eq0000_wg_cy<4>
                                                       CD/clk_out_cmp_eq0000_wg_cy<5>
    SLICE_X23Y86.CIN     net (fanout=1)        0.000   CD/clk_out_cmp_eq0000_wg_cy<5>
    SLICE_X23Y86.XB      Tcinxb                0.404   CD/clk_out_cmp_eq0000
                                                       CD/clk_out_cmp_eq0000_wg_cy<6>
    SLICE_X21Y88.SR      net (fanout=15)       1.356   CD/clk_out_cmp_eq0000
    SLICE_X21Y88.CLK     Tsrck                 0.910   CD/count<20>
                                                       CD/count_21
    -------------------------------------------------  ---------------------------
    Total                                      5.503ns (3.024ns logic, 2.479ns route)
                                                       (55.0% logic, 45.0% route)

--------------------------------------------------------------------------------
Slack (setup path):     14.506ns (requirement - (data path - clock path skew + uncertainty))
  Source:               CD/count_7 (FF)
  Destination:          CD/count_21 (FF)
  Requirement:          20.000ns
  Data Path Delay:      5.494ns (Levels of Logic = 4)
  Clock Path Skew:      0.000ns
  Source Clock:         clk_BUFGP rising at 0.000ns
  Destination Clock:    clk_BUFGP rising at 20.000ns
  Clock Uncertainty:    0.000ns

  Maximum Data Path: CD/count_7 to CD/count_21
    Location             Delay type         Delay(ns)  Physical Resource
                                                       Logical Resource(s)
    -------------------------------------------------  -------------------
    SLICE_X21Y81.YQ      Tcko                  0.587   CD/count<6>
                                                       CD/count_7
    SLICE_X23Y83.F1      net (fanout=2)        0.839   CD/count<7>
    SLICE_X23Y83.COUT    Topcyf                1.162   CD/clk_out_cmp_eq0000_wg_cy<1>
                                                       CD/clk_out_cmp_eq0000_wg_lut<0>
                                                       CD/clk_out_cmp_eq0000_wg_cy<0>
                                                       CD/clk_out_cmp_eq0000_wg_cy<1>
    SLICE_X23Y84.CIN     net (fanout=1)        0.000   CD/clk_out_cmp_eq0000_wg_cy<1>
    SLICE_X23Y84.COUT    Tbyp                  0.118   CD/clk_out_cmp_eq0000_wg_cy<3>
                                                       CD/clk_out_cmp_eq0000_wg_cy<2>
                                                       CD/clk_out_cmp_eq0000_wg_cy<3>
    SLICE_X23Y85.CIN     net (fanout=1)        0.000   CD/clk_out_cmp_eq0000_wg_cy<3>
    SLICE_X23Y85.COUT    Tbyp                  0.118   CD/clk_out_cmp_eq0000_wg_cy<5>
                                                       CD/clk_out_cmp_eq0000_wg_cy<4>
                                                       CD/clk_out_cmp_eq0000_wg_cy<5>
    SLICE_X23Y86.CIN     net (fanout=1)        0.000   CD/clk_out_cmp_eq0000_wg_cy<5>
    SLICE_X23Y86.XB      Tcinxb                0.404   CD/clk_out_cmp_eq0000
                                                       CD/clk_out_cmp_eq0000_wg_cy<6>
    SLICE_X21Y88.SR      net (fanout=15)       1.356   CD/clk_out_cmp_eq0000
    SLICE_X21Y88.CLK     Tsrck                 0.910   CD/count<20>
                                                       CD/count_21
    -------------------------------------------------  ---------------------------
    Total                                      5.494ns (3.299ns logic, 2.195ns route)
                                                       (60.0% logic, 40.0% route)

--------------------------------------------------------------------------------

Paths for end point CD/count_22 (SLICE_X21Y89.SR), 28 paths
--------------------------------------------------------------------------------
Slack (setup path):     14.189ns (requirement - (data path - clock path skew + uncertainty))
  Source:               CD/count_18 (FF)
  Destination:          CD/count_22 (FF)
  Requirement:          20.000ns
  Data Path Delay:      5.811ns (Levels of Logic = 2)
  Clock Path Skew:      0.000ns
  Source Clock:         clk_BUFGP rising at 0.000ns
  Destination Clock:    clk_BUFGP rising at 20.000ns
  Clock Uncertainty:    0.000ns

  Maximum Data Path: CD/count_18 to CD/count_22
    Location             Delay type         Delay(ns)  Physical Resource
                                                       Logical Resource(s)
    -------------------------------------------------  -------------------
    SLICE_X21Y87.XQ      Tcko                  0.591   CD/count<18>
                                                       CD/count_18
    SLICE_X23Y85.F1      net (fanout=2)        1.388   CD/count<18>
    SLICE_X23Y85.COUT    Topcyf                1.162   CD/clk_out_cmp_eq0000_wg_cy<5>
                                                       CD/clk_out_cmp_eq0000_wg_lut<4>
                                                       CD/clk_out_cmp_eq0000_wg_cy<4>
                                                       CD/clk_out_cmp_eq0000_wg_cy<5>
    SLICE_X23Y86.CIN     net (fanout=1)        0.000   CD/clk_out_cmp_eq0000_wg_cy<5>
    SLICE_X23Y86.XB      Tcinxb                0.404   CD/clk_out_cmp_eq0000
                                                       CD/clk_out_cmp_eq0000_wg_cy<6>
    SLICE_X21Y89.SR      net (fanout=15)       1.356   CD/clk_out_cmp_eq0000
    SLICE_X21Y89.CLK     Tsrck                 0.910   CD/count<22>
                                                       CD/count_22
    -------------------------------------------------  ---------------------------
    Total                                      5.811ns (3.067ns logic, 2.744ns route)
                                                       (52.8% logic, 47.2% route)

--------------------------------------------------------------------------------
Slack (setup path):     14.497ns (requirement - (data path - clock path skew + uncertainty))
  Source:               CD/count_20 (FF)
  Destination:          CD/count_22 (FF)
  Requirement:          20.000ns
  Data Path Delay:      5.503ns (Levels of Logic = 3)
  Clock Path Skew:      0.000ns
  Source Clock:         clk_BUFGP rising at 0.000ns
  Destination Clock:    clk_BUFGP rising at 20.000ns
  Clock Uncertainty:    0.000ns

  Maximum Data Path: CD/count_20 to CD/count_22
    Location             Delay type         Delay(ns)  Physical Resource
                                                       Logical Resource(s)
    -------------------------------------------------  -------------------
    SLICE_X21Y88.XQ      Tcko                  0.591   CD/count<20>
                                                       CD/count_20
    SLICE_X23Y84.G1      net (fanout=2)        1.123   CD/count<20>
    SLICE_X23Y84.COUT    Topcyg                1.001   CD/clk_out_cmp_eq0000_wg_cy<3>
                                                       CD/clk_out_cmp_eq0000_wg_lut<3>
                                                       CD/clk_out_cmp_eq0000_wg_cy<3>
    SLICE_X23Y85.CIN     net (fanout=1)        0.000   CD/clk_out_cmp_eq0000_wg_cy<3>
    SLICE_X23Y85.COUT    Tbyp                  0.118   CD/clk_out_cmp_eq0000_wg_cy<5>
                                                       CD/clk_out_cmp_eq0000_wg_cy<4>
                                                       CD/clk_out_cmp_eq0000_wg_cy<5>
    SLICE_X23Y86.CIN     net (fanout=1)        0.000   CD/clk_out_cmp_eq0000_wg_cy<5>
    SLICE_X23Y86.XB      Tcinxb                0.404   CD/clk_out_cmp_eq0000
                                                       CD/clk_out_cmp_eq0000_wg_cy<6>
    SLICE_X21Y89.SR      net (fanout=15)       1.356   CD/clk_out_cmp_eq0000
    SLICE_X21Y89.CLK     Tsrck                 0.910   CD/count<22>
                                                       CD/count_22
    -------------------------------------------------  ---------------------------
    Total                                      5.503ns (3.024ns logic, 2.479ns route)
                                                       (55.0% logic, 45.0% route)

--------------------------------------------------------------------------------
Slack (setup path):     14.506ns (requirement - (data path - clock path skew + uncertainty))
  Source:               CD/count_7 (FF)
  Destination:          CD/count_22 (FF)
  Requirement:          20.000ns
  Data Path Delay:      5.494ns (Levels of Logic = 4)
  Clock Path Skew:      0.000ns
  Source Clock:         clk_BUFGP rising at 0.000ns
  Destination Clock:    clk_BUFGP rising at 20.000ns
  Clock Uncertainty:    0.000ns

  Maximum Data Path: CD/count_7 to CD/count_22
    Location             Delay type         Delay(ns)  Physical Resource
                                                       Logical Resource(s)
    -------------------------------------------------  -------------------
    SLICE_X21Y81.YQ      Tcko                  0.587   CD/count<6>
                                                       CD/count_7
    SLICE_X23Y83.F1      net (fanout=2)        0.839   CD/count<7>
    SLICE_X23Y83.COUT    Topcyf                1.162   CD/clk_out_cmp_eq0000_wg_cy<1>
                                                       CD/clk_out_cmp_eq0000_wg_lut<0>
                                                       CD/clk_out_cmp_eq0000_wg_cy<0>
                                                       CD/clk_out_cmp_eq0000_wg_cy<1>
    SLICE_X23Y84.CIN     net (fanout=1)        0.000   CD/clk_out_cmp_eq0000_wg_cy<1>
    SLICE_X23Y84.COUT    Tbyp                  0.118   CD/clk_out_cmp_eq0000_wg_cy<3>
                                                       CD/clk_out_cmp_eq0000_wg_cy<2>
                                                       CD/clk_out_cmp_eq0000_wg_cy<3>
    SLICE_X23Y85.CIN     net (fanout=1)        0.000   CD/clk_out_cmp_eq0000_wg_cy<3>
    SLICE_X23Y85.COUT    Tbyp                  0.118   CD/clk_out_cmp_eq0000_wg_cy<5>
                                                       CD/clk_out_cmp_eq0000_wg_cy<4>
                                                       CD/clk_out_cmp_eq0000_wg_cy<5>
    SLICE_X23Y86.CIN     net (fanout=1)        0.000   CD/clk_out_cmp_eq0000_wg_cy<5>
    SLICE_X23Y86.XB      Tcinxb                0.404   CD/clk_out_cmp_eq0000
                                                       CD/clk_out_cmp_eq0000_wg_cy<6>
    SLICE_X21Y89.SR      net (fanout=15)       1.356   CD/clk_out_cmp_eq0000
    SLICE_X21Y89.CLK     Tsrck                 0.910   CD/count<22>
                                                       CD/count_22
    -------------------------------------------------  ---------------------------
    Total                                      5.494ns (3.299ns logic, 2.195ns route)
                                                       (60.0% logic, 40.0% route)

--------------------------------------------------------------------------------

Hold Paths: NET "clk_BUFGP/IBUFG" PERIOD = 20 ns HIGH 50%;
--------------------------------------------------------------------------------

Paths for end point CD/clk_out (SLICE_X24Y90.BY), 1 path
--------------------------------------------------------------------------------
Slack (hold path):      1.146ns (requirement - (clock path skew + uncertainty - data path))
  Source:               CD/clk_out (FF)
  Destination:          CD/clk_out (FF)
  Requirement:          0.000ns
  Data Path Delay:      1.146ns (Levels of Logic = 0)
  Clock Path Skew:      0.000ns
  Source Clock:         clk_BUFGP rising at 20.000ns
  Destination Clock:    clk_BUFGP rising at 20.000ns
  Clock Uncertainty:    0.000ns

  Minimum Data Path: CD/clk_out to CD/clk_out
    Location             Delay type         Delay(ns)  Physical Resource
                                                       Logical Resource(s)
    -------------------------------------------------  -------------------
    SLICE_X24Y90.YQ      Tcko                  0.522   CD/clk_out1
                                                       CD/clk_out
    SLICE_X24Y90.BY      net (fanout=3)        0.472   CD/clk_out1
    SLICE_X24Y90.CLK     Tckdi       (-Th)    -0.152   CD/clk_out1
                                                       CD/clk_out
    -------------------------------------------------  ---------------------------
    Total                                      1.146ns (0.674ns logic, 0.472ns route)
                                                       (58.8% logic, 41.2% route)

--------------------------------------------------------------------------------

Paths for end point CD/count_4 (SLICE_X21Y80.F3), 1 path
--------------------------------------------------------------------------------
Slack (hold path):      1.622ns (requirement - (clock path skew + uncertainty - data path))
  Source:               CD/count_4 (FF)
  Destination:          CD/count_4 (FF)
  Requirement:          0.000ns
  Data Path Delay:      1.622ns (Levels of Logic = 1)
  Clock Path Skew:      0.000ns
  Source Clock:         clk_BUFGP rising at 20.000ns
  Destination Clock:    clk_BUFGP rising at 20.000ns
  Clock Uncertainty:    0.000ns

  Minimum Data Path: CD/count_4 to CD/count_4
    Location             Delay type         Delay(ns)  Physical Resource
                                                       Logical Resource(s)
    -------------------------------------------------  -------------------
    SLICE_X21Y80.XQ      Tcko                  0.473   CD/count<4>
                                                       CD/count_4
    SLICE_X21Y80.F3      net (fanout=2)        0.348   CD/count<4>
    SLICE_X21Y80.CLK     Tckf        (-Th)    -0.801   CD/count<4>
                                                       CD/count<4>_rt
                                                       CD/Mcount_count_xor<4>
                                                       CD/count_4
    -------------------------------------------------  ---------------------------
    Total                                      1.622ns (1.274ns logic, 0.348ns route)
                                                       (78.5% logic, 21.5% route)

--------------------------------------------------------------------------------

Paths for end point CD/count_8 (SLICE_X21Y82.F3), 1 path
--------------------------------------------------------------------------------
Slack (hold path):      1.622ns (requirement - (clock path skew + uncertainty - data path))
  Source:               CD/count_8 (FF)
  Destination:          CD/count_8 (FF)
  Requirement:          0.000ns
  Data Path Delay:      1.622ns (Levels of Logic = 1)
  Clock Path Skew:      0.000ns
  Source Clock:         clk_BUFGP rising at 20.000ns
  Destination Clock:    clk_BUFGP rising at 20.000ns
  Clock Uncertainty:    0.000ns

  Minimum Data Path: CD/count_8 to CD/count_8
    Location             Delay type         Delay(ns)  Physical Resource
                                                       Logical Resource(s)
    -------------------------------------------------  -------------------
    SLICE_X21Y82.XQ      Tcko                  0.473   CD/count<8>
                                                       CD/count_8
    SLICE_X21Y82.F3      net (fanout=2)        0.348   CD/count<8>
    SLICE_X21Y82.CLK     Tckf        (-Th)    -0.801   CD/count<8>
                                                       CD/count<8>_rt
                                                       CD/Mcount_count_xor<8>
                                                       CD/count_8
    -------------------------------------------------  ---------------------------
    Total                                      1.622ns (1.274ns logic, 0.348ns route)
                                                       (78.5% logic, 21.5% route)

--------------------------------------------------------------------------------

Component Switching Limit Checks: NET "clk_BUFGP/IBUFG" PERIOD = 20 ns HIGH 50%;
--------------------------------------------------------------------------------
Slack: 18.348ns (period - (min low pulse limit / (low pulse / period)))
  Period: 20.000ns
  Low pulse: 10.000ns
  Low pulse limit: 0.826ns (Tcl)
  Physical resource: CD/clk_out1/CLK
  Logical resource: CD/clk_out/CK
  Location pin: SLICE_X24Y90.CLK
  Clock network: clk_BUFGP
--------------------------------------------------------------------------------
Slack: 18.348ns (period - (min high pulse limit / (high pulse / period)))
  Period: 20.000ns
  High pulse: 10.000ns
  High pulse limit: 0.826ns (Tch)
  Physical resource: CD/clk_out1/CLK
  Logical resource: CD/clk_out/CK
  Location pin: SLICE_X24Y90.CLK
  Clock network: clk_BUFGP
--------------------------------------------------------------------------------
Slack: 18.348ns (period - min period limit)
  Period: 20.000ns
  Min period limit: 1.652ns (605.327MHz) (Tcp)
  Physical resource: CD/clk_out1/CLK
  Logical resource: CD/clk_out/CK
  Location pin: SLICE_X24Y90.CLK
  Clock network: clk_BUFGP
--------------------------------------------------------------------------------


All constraints were met.


Data Sheet report:
-----------------
All values displayed in nanoseconds (ns)

Clock to Setup on destination clock clk
---------------+---------+---------+---------+---------+
               | Src:Rise| Src:Fall| Src:Rise| Src:Fall|
Source Clock   |Dest:Rise|Dest:Rise|Dest:Fall|Dest:Fall|
---------------+---------+---------+---------+---------+
clk            |    5.811|         |         |         |
---------------+---------+---------+---------+---------+


Timing summary:
---------------

Timing errors: 0  Score: 0  (Setup/Max: 0, Hold: 0)

Constraints cover 1219 paths, 0 nets, and 104 connections

Design statistics:
   Minimum period:   5.811ns{1}   (Maximum frequency: 172.087MHz)


------------------------------------Footnotes-----------------------------------
1)  The minimum period statistic assumes all single cycle delays.

Analysis completed Sat Apr 24 09:37:40 2021 
--------------------------------------------------------------------------------

Trace Settings:
-------------------------
Trace Settings 

Peak Memory Usage: 4510 MB



