Command line:
   DetectWinner_tb_isim_beh.exe
     -simmode  gui
     -simrunnum  0
     -socket  58095

Mon Apr 19 17:29:54 2021


 Elaboration Time: 0.046875 sec

 Current Memory Usage: 5150.18 Meg

 Total Signals          : 18
 Total Nets             : 49
 Total Signal Drivers   : 10
 Total Blocks           : 3
 Total Primitive Blocks : 2
 Total Processes        : 14
 Total Traceable Variables  : 27
 Total Scalar Nets and Variables : 173
Total Line Count : 142

 Total Simulation Time: 0.046875 sec

 Current Memory Usage: 5150.18 Meg

Mon Apr 19 17:30:03 2021

