Command line:
   FSM_ColSel_circuit_tb_isim_beh.exe
     -simmode  gui
     -simrunnum  0
     -socket  54781

Tue Apr 20 13:52:55 2021


 Elaboration Time: 0.046875 sec

 Current Memory Usage: 5150.18 Meg

 Total Signals          : 53
 Total Nets             : 86
 Total Signal Drivers   : 21
 Total Blocks           : 8
 Total Primitive Blocks : 6
 Total Processes        : 31
 Total Traceable Variables  : 58
 Total Scalar Nets and Variables : 348
Total Line Count : 302

 Total Simulation Time: 1.20313 sec

 Current Memory Usage: 4992.89 Meg

Tue Apr 20 14:05:59 2021

