Command line:
   FSM_ColSel_circuit_isim_beh.exe
     -simmode  gui
     -simrunnum  0
     -socket  57912

Thu Apr 22 13:10:33 2021


 Elaboration Time: 0.03125 sec

 Current Memory Usage: 5150.14 Meg

 Total Signals          : 45
 Total Nets             : 97
 Total Signal Drivers   : 17
 Total Blocks           : 7
 Total Primitive Blocks : 6
 Total Processes        : 28
 Total Traceable Variables  : 58
 Total Scalar Nets and Variables : 325
Total Line Count : 241

 Total Simulation Time: 0.0625 sec

 Current Memory Usage: 5464.72 Meg

Thu Apr 22 13:11:18 2021

